Response code: 200
Response message: OK
120
The time has not yet come.
Response code: 200
Response message: OK
121
The time has not yet come.
Response code: 200
Response message: OK
123
The time has not yet come. 
Response code: 200
Response message: OK
125
The time has not yet come. 
Response code: 200
Response message: OK
128
The time has not yet come. 
Response code: 200
Response message: OK
129
The time has not yet come. 
Response code: 200
Response message: OK
141
The time has not yet come. 
Response code: 200
Response message: OK
146
The time has not yet come. 
Response code: 200
Response message: OK
146
The time has not yet come. 
Response code: 200
Response message: OK
150
The time has not yet come. 
Response code: 200
Response message: OK
150
The time has not yet come. 
Response code: 200
Response message: OK
151
The time has not yet come. 
Response code: 200
Response message: OK
163
The time has not yet come. 
Response code: 200
Response message: OK
168
The time has not yet come. 
Response code: 200
Response message: OK
168
The time has not yet come. 
Response code: 200
Response message: OK
178
The time has not yet come. 
Response code: 200
Response message: OK
178
The time has not yet come. 
Response code: 200
Response message: OK
178
The time has not yet come. 
Response code: 200
Response message: OK
185
The time has not yet come. 
Response code: 200
Response message: OK
186
The time has not yet come. 
Response code: 200
Response message: OK
189
The time has not yet come. 
Response code: 200
Response message: OK
193
The time has not yet come. 
Response code: 200
Response message: OK
194
The time has not yet come. 
Response code: 200
Response message: OK
194
The time has not yet come. 
Response code: 200
Response message: OK
209
The time has not yet come. 
Response code: 200
Response message: OK
213
The time has not yet come. 
Response code: 200
Response message: OK
217
The time has not yet come. 
Response code: 200
Response message: OK
220
The time has not yet come. 
Response code: 200
Response message: OK
221
The time has not yet come. 
Response code: 200
Response message: OK
221
The time has not yet come. 
Response code: 200
Response message: OK
233
The time has not yet come. 
Response code: 200
Response message: OK
236
The time has not yet come. 
Response code: 200
Response message: OK
242
The time has not yet come. 
Response code: 200
Response message: OK
247
The time has not yet come. 
Response code: 200
Response message: OK
248
The time has not yet come. 
Response code: 200
Response message: OK
256
The time has not yet come. 
Response code: 200
Response message: OK
269
The time has not yet come. 
Response code: 200
Response message: OK
276
The time has not yet come. 
Response code: 200
Response message: OK
277
The time has not yet come. 
Response code: 200
Response message: OK
285
The time has not yet come. 
Response code: 200
Response message: OK
301
The time has not yet come. 
Response code: 200
Response message: OK
308
The time has not yet come. 
Response code: 200
Response message: OK
355
The time has not yet come. 
Response code: 200
Response message: OK
356
The time has not yet come. 
Response code: 200
Response message: OK
359
The time has not yet come. 
Response code: 200
Response message: OK
66
The time has not yet come. 
Response code: 200
Response message: OK
68
The time has not yet come. 
Response code: 200
Response message: OK
74
The time has not yet come. 
Response code: 200
Response message: OK
79
The time has not yet come. 
Response code: 200
Response message: OK
84
The time has not yet come. 
Response code: 200
Response message: OK
85
The time has not yet come. 
Response code: 200
Response message: OK
87
The time has not yet come. 
Response code: 200
Response message: OK
92
The time has not yet come. 
Response code: 200
Response message: OK
98
The time has not yet come. 
Response code: 200
Response message: OK
108
The time has not yet come. 
Response code: 200
Response message: OK
113
The time has not yet come. 
Response code: 200
Response message: OK
124
The time has not yet come. 
Response code: 200
Response message: OK
131
The time has not yet come. 
Response code: 200
Response message: OK
138
The time has not yet come. 
Response code: 200
Response message: OK
154
The time has not yet come. 
Response code: 200
Response message: OK
157
The time has not yet come. 
Response code: 200
Response message: OK
164
The time has not yet come. 
Response code: 200
Response message: OK
172
The time has not yet come. 
Response code: 200
Response message: OK
176
The time has not yet come. 
Response code: 200
Response message: OK
181
The time has not yet come. 
Response code: 200
Response message: OK
197
The time has not yet come. 
Response code: 200
Response message: OK
210
The time has not yet come. 
Response code: 200
Response message: OK
212
The time has not yet come. 
Response code: 200
Response message: OK
217
The time has not yet come. 
Response code: 200
Response message: OK
223
The time has not yet come. 
Response code: 200
Response message: OK
223
The time has not yet come. 
Response code: 200
Response message: OK
238
The time has not yet come. 
Response code: 200
Response message: OK
242
The time has not yet come. 
Response code: 200
Response message: OK
244
The time has not yet come. 
Response code: 200
Response message: OK
251
The time has not yet come. 
Response code: 200
Response message: OK
254
The time has not yet come. 
Response code: 200
Response message: OK
258
The time has not yet come. 
Response code: 200
Response message: OK
268
The time has not yet come. 
Response code: 200
Response message: OK
275
The time has not yet come. 
Response code: 200
Response message: OK
279
The time has not yet come. 
Response code: 200
Response message: OK
300
The time has not yet come. 
Response code: 200
Response message: OK
306
The time has not yet come. 
Response code: 200
Response message: OK
313
The time has not yet come. 
Response code: 200
Response message: OK
317
The time has not yet come. 
Response code: 200
Response message: OK
318
The time has not yet come. 
Response code: 200
Response message: OK
320
The time has not yet come. 
Response code: 200
Response message: OK
339
The time has not yet come. 
Response code: 200
Response message: OK
345
The time has not yet come. 
/Users/user/Desktop/pegacorn_project/count_good_ratings.rb:46:in `<main>': undefined method `>=' for nil:NilClass (NoMethodError)
Response code: 401
Response message: Unauthorized

/Users/user/Desktop/pegacorn_project/count_good_ratings.rb:46:in `<main>': undefined method `>=' for nil:NilClass (NoMethodError)
Response code: 401
Response message: Unauthorized

/Users/user/Desktop/pegacorn_project/count_good_ratings.rb:46:in `<main>': undefined method `>=' for nil:NilClass (NoMethodError)
Response code: 401
Response message: Unauthorized

/Users/user/Desktop/pegacorn_project/count_good_ratings.rb:46:in `<main>': undefined method `>=' for nil:NilClass (NoMethodError)
Response code: 401
Response message: Unauthorized

/Users/user/Desktop/pegacorn_project/count_good_ratings.rb:46:in `<main>': undefined method `>=' for nil:NilClass (NoMethodError)
Response code: 401
Response message: Unauthorized

/Users/user/Desktop/pegacorn_project/count_good_ratings.rb:46:in `<main>': undefined method `>=' for nil:NilClass (NoMethodError)
Response code: 401
Response message: Unauthorized

/Users/user/Desktop/pegacorn_project/count_good_ratings.rb:46:in `<main>': undefined method `>=' for nil:NilClass (NoMethodError)
Response code: 401
Response message: Unauthorized

Response code: 200
Response message: OK
391
The time has not yet come. 
Response code: 200
Response message: OK
397
The time has not yet come. 
Response code: 200
Response message: OK
398
The time has not yet come. 
Response code: 200
Response message: OK
464
Light the pegacorn!
/Users/user/Desktop/pegacorn_project/count_good_ratings.rb:46:in `<main>': undefined method `>=' for nil:NilClass (NoMethodError)
Response code: 401
Response message: Unauthorized

/System/Library/Frameworks/Ruby.framework/Versions/2.0/usr/lib/ruby/2.0.0/rubygems/core_ext/kernel_require.rb:55:in `require': cannot load such file -- ./.gitignore/pegacorn_secrets (LoadError)
	from /System/Library/Frameworks/Ruby.framework/Versions/2.0/usr/lib/ruby/2.0.0/rubygems/core_ext/kernel_require.rb:55:in `require'
	from /Users/user/Desktop/Pegacorn_Project/count_good_ratings.rb:9:in `<main>'
/System/Library/Frameworks/Ruby.framework/Versions/2.0/usr/lib/ruby/2.0.0/rubygems/core_ext/kernel_require.rb:55:in `require': cannot load such file -- ./.gitignore/pegacorn_secrets (LoadError)
	from /System/Library/Frameworks/Ruby.framework/Versions/2.0/usr/lib/ruby/2.0.0/rubygems/core_ext/kernel_require.rb:55:in `require'
	from /Users/user/Desktop/Pegacorn_Project/count_good_ratings.rb:9:in `<main>'
/System/Library/Frameworks/Ruby.framework/Versions/2.0/usr/lib/ruby/2.0.0/rubygems/core_ext/kernel_require.rb:55:in `require': cannot load such file -- ./.gitignore/pegacorn_secrets (LoadError)
	from /System/Library/Frameworks/Ruby.framework/Versions/2.0/usr/lib/ruby/2.0.0/rubygems/core_ext/kernel_require.rb:55:in `require'
	from /Users/user/Desktop/Pegacorn_Project/count_good_ratings.rb:9:in `<main>'
/System/Library/Frameworks/Ruby.framework/Versions/2.0/usr/lib/ruby/2.0.0/rubygems/core_ext/kernel_require.rb:55:in `require': cannot load such file -- ./.gitignore/pegacorn_secrets (LoadError)
	from /System/Library/Frameworks/Ruby.framework/Versions/2.0/usr/lib/ruby/2.0.0/rubygems/core_ext/kernel_require.rb:55:in `require'
	from /Users/user/Desktop/Pegacorn_Project/count_good_ratings.rb:9:in `<main>'
/System/Library/Frameworks/Ruby.framework/Versions/2.0/usr/lib/ruby/2.0.0/rubygems/core_ext/kernel_require.rb:55:in `require': cannot load such file -- ./.gitignore/pegacorn_secrets (LoadError)
	from /System/Library/Frameworks/Ruby.framework/Versions/2.0/usr/lib/ruby/2.0.0/rubygems/core_ext/kernel_require.rb:55:in `require'
	from /Users/user/Desktop/Pegacorn_Project/count_good_ratings.rb:9:in `<main>'
/System/Library/Frameworks/Ruby.framework/Versions/2.0/usr/lib/ruby/2.0.0/rubygems/core_ext/kernel_require.rb:55:in `require': cannot load such file -- ./.gitignore/pegacorn_secrets (LoadError)
	from /System/Library/Frameworks/Ruby.framework/Versions/2.0/usr/lib/ruby/2.0.0/rubygems/core_ext/kernel_require.rb:55:in `require'
	from /Users/user/Desktop/Pegacorn_Project/count_good_ratings.rb:9:in `<main>'
/System/Library/Frameworks/Ruby.framework/Versions/2.0/usr/lib/ruby/2.0.0/rubygems/core_ext/kernel_require.rb:55:in `require': cannot load such file -- ./.gitignore/pegacorn_secrets (LoadError)
	from /System/Library/Frameworks/Ruby.framework/Versions/2.0/usr/lib/ruby/2.0.0/rubygems/core_ext/kernel_require.rb:55:in `require'
	from /Users/user/Desktop/Pegacorn_Project/count_good_ratings.rb:9:in `<main>'
/System/Library/Frameworks/Ruby.framework/Versions/2.0/usr/lib/ruby/2.0.0/rubygems/core_ext/kernel_require.rb:55:in `require': cannot load such file -- ./.gitignore/pegacorn_secrets (LoadError)
	from /System/Library/Frameworks/Ruby.framework/Versions/2.0/usr/lib/ruby/2.0.0/rubygems/core_ext/kernel_require.rb:55:in `require'
	from /Users/user/Desktop/Pegacorn_Project/count_good_ratings.rb:9:in `<main>'
/System/Library/Frameworks/Ruby.framework/Versions/2.0/usr/lib/ruby/2.0.0/rubygems/core_ext/kernel_require.rb:55:in `require': cannot load such file -- ./.gitignore/pegacorn_secrets (LoadError)
	from /System/Library/Frameworks/Ruby.framework/Versions/2.0/usr/lib/ruby/2.0.0/rubygems/core_ext/kernel_require.rb:55:in `require'
	from /Users/user/Desktop/Pegacorn_Project/count_good_ratings.rb:9:in `<main>'
/System/Library/Frameworks/Ruby.framework/Versions/2.0/usr/lib/ruby/2.0.0/rubygems/core_ext/kernel_require.rb:55:in `require': cannot load such file -- ./.gitignore/pegacorn_secrets (LoadError)
	from /System/Library/Frameworks/Ruby.framework/Versions/2.0/usr/lib/ruby/2.0.0/rubygems/core_ext/kernel_require.rb:55:in `require'
	from /Users/user/Desktop/Pegacorn_Project/count_good_ratings.rb:9:in `<main>'
/System/Library/Frameworks/Ruby.framework/Versions/2.0/usr/lib/ruby/2.0.0/rubygems/core_ext/kernel_require.rb:55:in `require': cannot load such file -- ./.gitignore/pegacorn_secrets (LoadError)
	from /System/Library/Frameworks/Ruby.framework/Versions/2.0/usr/lib/ruby/2.0.0/rubygems/core_ext/kernel_require.rb:55:in `require'
	from /Users/user/Desktop/Pegacorn_Project/count_good_ratings.rb:9:in `<main>'
/System/Library/Frameworks/Ruby.framework/Versions/2.0/usr/lib/ruby/2.0.0/rubygems/core_ext/kernel_require.rb:55:in `require': cannot load such file -- ./.gitignore/pegacorn_secrets (LoadError)
	from /System/Library/Frameworks/Ruby.framework/Versions/2.0/usr/lib/ruby/2.0.0/rubygems/core_ext/kernel_require.rb:55:in `require'
	from /Users/user/Desktop/Pegacorn_Project/count_good_ratings.rb:9:in `<main>'
/System/Library/Frameworks/Ruby.framework/Versions/2.0/usr/lib/ruby/2.0.0/rubygems/core_ext/kernel_require.rb:55:in `require': cannot load such file -- ./.gitignore/pegacorn_secrets (LoadError)
	from /System/Library/Frameworks/Ruby.framework/Versions/2.0/usr/lib/ruby/2.0.0/rubygems/core_ext/kernel_require.rb:55:in `require'
	from /Users/user/Desktop/Pegacorn_Project/count_good_ratings.rb:9:in `<main>'
/System/Library/Frameworks/Ruby.framework/Versions/2.0/usr/lib/ruby/2.0.0/rubygems/core_ext/kernel_require.rb:55:in `require': cannot load such file -- ./.gitignore/pegacorn_secrets (LoadError)
	from /System/Library/Frameworks/Ruby.framework/Versions/2.0/usr/lib/ruby/2.0.0/rubygems/core_ext/kernel_require.rb:55:in `require'
	from /Users/user/Desktop/Pegacorn_Project/count_good_ratings.rb:9:in `<main>'
/System/Library/Frameworks/Ruby.framework/Versions/2.0/usr/lib/ruby/2.0.0/rubygems/core_ext/kernel_require.rb:55:in `require': cannot load such file -- ./.gitignore/pegacorn_secrets (LoadError)
	from /System/Library/Frameworks/Ruby.framework/Versions/2.0/usr/lib/ruby/2.0.0/rubygems/core_ext/kernel_require.rb:55:in `require'
	from /Users/user/Desktop/Pegacorn_Project/count_good_ratings.rb:9:in `<main>'
/System/Library/Frameworks/Ruby.framework/Versions/2.0/usr/lib/ruby/2.0.0/rubygems/core_ext/kernel_require.rb:55:in `require': cannot load such file -- ./.gitignore/pegacorn_secrets (LoadError)
	from /System/Library/Frameworks/Ruby.framework/Versions/2.0/usr/lib/ruby/2.0.0/rubygems/core_ext/kernel_require.rb:55:in `require'
	from /Users/user/Desktop/Pegacorn_Project/count_good_ratings.rb:9:in `<main>'
/System/Library/Frameworks/Ruby.framework/Versions/2.0/usr/lib/ruby/2.0.0/rubygems/core_ext/kernel_require.rb:55:in `require': cannot load such file -- ./.gitignore/pegacorn_secrets (LoadError)
	from /System/Library/Frameworks/Ruby.framework/Versions/2.0/usr/lib/ruby/2.0.0/rubygems/core_ext/kernel_require.rb:55:in `require'
	from /Users/user/Desktop/Pegacorn_Project/count_good_ratings.rb:9:in `<main>'
/System/Library/Frameworks/Ruby.framework/Versions/2.0/usr/lib/ruby/2.0.0/rubygems/core_ext/kernel_require.rb:55:in `require': cannot load such file -- ./.gitignore/pegacorn_secrets (LoadError)
	from /System/Library/Frameworks/Ruby.framework/Versions/2.0/usr/lib/ruby/2.0.0/rubygems/core_ext/kernel_require.rb:55:in `require'
	from /Users/user/Desktop/Pegacorn_Project/count_good_ratings.rb:9:in `<main>'
/System/Library/Frameworks/Ruby.framework/Versions/2.0/usr/lib/ruby/2.0.0/rubygems/core_ext/kernel_require.rb:55:in `require': cannot load such file -- ./.gitignore/pegacorn_secrets (LoadError)
	from /System/Library/Frameworks/Ruby.framework/Versions/2.0/usr/lib/ruby/2.0.0/rubygems/core_ext/kernel_require.rb:55:in `require'
	from /Users/user/Desktop/Pegacorn_Project/count_good_ratings.rb:9:in `<main>'
/System/Library/Frameworks/Ruby.framework/Versions/2.0/usr/lib/ruby/2.0.0/rubygems/core_ext/kernel_require.rb:55:in `require': cannot load such file -- ./.gitignore/pegacorn_secrets (LoadError)
	from /System/Library/Frameworks/Ruby.framework/Versions/2.0/usr/lib/ruby/2.0.0/rubygems/core_ext/kernel_require.rb:55:in `require'
	from /Users/user/Desktop/Pegacorn_Project/count_good_ratings.rb:9:in `<main>'
/System/Library/Frameworks/Ruby.framework/Versions/2.0/usr/lib/ruby/2.0.0/rubygems/core_ext/kernel_require.rb:55:in `require': cannot load such file -- ./.gitignore/pegacorn_secrets (LoadError)
	from /System/Library/Frameworks/Ruby.framework/Versions/2.0/usr/lib/ruby/2.0.0/rubygems/core_ext/kernel_require.rb:55:in `require'
	from /Users/user/Desktop/Pegacorn_Project/count_good_ratings.rb:9:in `<main>'
/System/Library/Frameworks/Ruby.framework/Versions/2.0/usr/lib/ruby/2.0.0/rubygems/core_ext/kernel_require.rb:55:in `require': cannot load such file -- ./.gitignore/pegacorn_secrets (LoadError)
	from /System/Library/Frameworks/Ruby.framework/Versions/2.0/usr/lib/ruby/2.0.0/rubygems/core_ext/kernel_require.rb:55:in `require'
	from /Users/user/Desktop/Pegacorn_Project/count_good_ratings.rb:9:in `<main>'
/System/Library/Frameworks/Ruby.framework/Versions/2.0/usr/lib/ruby/2.0.0/rubygems/core_ext/kernel_require.rb:55:in `require': cannot load such file -- ./.gitignore/pegacorn_secrets (LoadError)
	from /System/Library/Frameworks/Ruby.framework/Versions/2.0/usr/lib/ruby/2.0.0/rubygems/core_ext/kernel_require.rb:55:in `require'
	from /Users/user/Desktop/Pegacorn_Project/count_good_ratings.rb:9:in `<main>'
/System/Library/Frameworks/Ruby.framework/Versions/2.0/usr/lib/ruby/2.0.0/rubygems/core_ext/kernel_require.rb:55:in `require': cannot load such file -- ./.gitignore/pegacorn_secrets (LoadError)
	from /System/Library/Frameworks/Ruby.framework/Versions/2.0/usr/lib/ruby/2.0.0/rubygems/core_ext/kernel_require.rb:55:in `require'
	from /Users/user/Desktop/Pegacorn_Project/count_good_ratings.rb:9:in `<main>'
/System/Library/Frameworks/Ruby.framework/Versions/2.0/usr/lib/ruby/2.0.0/rubygems/core_ext/kernel_require.rb:55:in `require': cannot load such file -- ./.gitignore/pegacorn_secrets (LoadError)
	from /System/Library/Frameworks/Ruby.framework/Versions/2.0/usr/lib/ruby/2.0.0/rubygems/core_ext/kernel_require.rb:55:in `require'
	from /Users/user/Desktop/Pegacorn_Project/count_good_ratings.rb:9:in `<main>'
/System/Library/Frameworks/Ruby.framework/Versions/2.0/usr/lib/ruby/2.0.0/rubygems/core_ext/kernel_require.rb:55:in `require': cannot load such file -- ./.gitignore/pegacorn_secrets (LoadError)
	from /System/Library/Frameworks/Ruby.framework/Versions/2.0/usr/lib/ruby/2.0.0/rubygems/core_ext/kernel_require.rb:55:in `require'
	from /Users/user/Desktop/Pegacorn_Project/count_good_ratings.rb:9:in `<main>'
/System/Library/Frameworks/Ruby.framework/Versions/2.0/usr/lib/ruby/2.0.0/rubygems/core_ext/kernel_require.rb:55:in `require': cannot load such file -- ./.gitignore/pegacorn_secrets (LoadError)
	from /System/Library/Frameworks/Ruby.framework/Versions/2.0/usr/lib/ruby/2.0.0/rubygems/core_ext/kernel_require.rb:55:in `require'
	from /Users/user/Desktop/Pegacorn_Project/count_good_ratings.rb:9:in `<main>'
/System/Library/Frameworks/Ruby.framework/Versions/2.0/usr/lib/ruby/2.0.0/rubygems/core_ext/kernel_require.rb:55:in `require': cannot load such file -- ./.gitignore/pegacorn_secrets (LoadError)
	from /System/Library/Frameworks/Ruby.framework/Versions/2.0/usr/lib/ruby/2.0.0/rubygems/core_ext/kernel_require.rb:55:in `require'
	from /Users/user/Desktop/Pegacorn_Project/count_good_ratings.rb:9:in `<main>'
/System/Library/Frameworks/Ruby.framework/Versions/2.0/usr/lib/ruby/2.0.0/rubygems/core_ext/kernel_require.rb:55:in `require': cannot load such file -- ./.gitignore/pegacorn_secrets (LoadError)
	from /System/Library/Frameworks/Ruby.framework/Versions/2.0/usr/lib/ruby/2.0.0/rubygems/core_ext/kernel_require.rb:55:in `require'
	from /Users/user/Desktop/Pegacorn_Project/count_good_ratings.rb:9:in `<main>'
/System/Library/Frameworks/Ruby.framework/Versions/2.0/usr/lib/ruby/2.0.0/rubygems/core_ext/kernel_require.rb:55:in `require': cannot load such file -- ./.gitignore/pegacorn_secrets (LoadError)
	from /System/Library/Frameworks/Ruby.framework/Versions/2.0/usr/lib/ruby/2.0.0/rubygems/core_ext/kernel_require.rb:55:in `require'
	from /Users/user/Desktop/Pegacorn_Project/count_good_ratings.rb:9:in `<main>'
/System/Library/Frameworks/Ruby.framework/Versions/2.0/usr/lib/ruby/2.0.0/rubygems/core_ext/kernel_require.rb:55:in `require': cannot load such file -- ./.gitignore/pegacorn_secrets (LoadError)
	from /System/Library/Frameworks/Ruby.framework/Versions/2.0/usr/lib/ruby/2.0.0/rubygems/core_ext/kernel_require.rb:55:in `require'
	from /Users/user/Desktop/Pegacorn_Project/count_good_ratings.rb:9:in `<main>'
/System/Library/Frameworks/Ruby.framework/Versions/2.0/usr/lib/ruby/2.0.0/rubygems/core_ext/kernel_require.rb:55:in `require': cannot load such file -- ./.gitignore/pegacorn_secrets (LoadError)
	from /System/Library/Frameworks/Ruby.framework/Versions/2.0/usr/lib/ruby/2.0.0/rubygems/core_ext/kernel_require.rb:55:in `require'
	from /Users/user/Desktop/Pegacorn_Project/count_good_ratings.rb:9:in `<main>'
/System/Library/Frameworks/Ruby.framework/Versions/2.0/usr/lib/ruby/2.0.0/rubygems/core_ext/kernel_require.rb:55:in `require': cannot load such file -- ./.gitignore/pegacorn_secrets (LoadError)
	from /System/Library/Frameworks/Ruby.framework/Versions/2.0/usr/lib/ruby/2.0.0/rubygems/core_ext/kernel_require.rb:55:in `require'
	from /Users/user/Desktop/Pegacorn_Project/count_good_ratings.rb:9:in `<main>'
/System/Library/Frameworks/Ruby.framework/Versions/2.0/usr/lib/ruby/2.0.0/rubygems/core_ext/kernel_require.rb:55:in `require': cannot load such file -- ./.gitignore/pegacorn_secrets (LoadError)
	from /System/Library/Frameworks/Ruby.framework/Versions/2.0/usr/lib/ruby/2.0.0/rubygems/core_ext/kernel_require.rb:55:in `require'
	from /Users/user/Desktop/Pegacorn_Project/count_good_ratings.rb:9:in `<main>'
/System/Library/Frameworks/Ruby.framework/Versions/2.0/usr/lib/ruby/2.0.0/rubygems/core_ext/kernel_require.rb:55:in `require': cannot load such file -- ./.gitignore/pegacorn_secrets (LoadError)
	from /System/Library/Frameworks/Ruby.framework/Versions/2.0/usr/lib/ruby/2.0.0/rubygems/core_ext/kernel_require.rb:55:in `require'
	from /Users/user/Desktop/Pegacorn_Project/count_good_ratings.rb:9:in `<main>'
/System/Library/Frameworks/Ruby.framework/Versions/2.0/usr/lib/ruby/2.0.0/rubygems/core_ext/kernel_require.rb:55:in `require': cannot load such file -- ./.gitignore/pegacorn_secrets (LoadError)
	from /System/Library/Frameworks/Ruby.framework/Versions/2.0/usr/lib/ruby/2.0.0/rubygems/core_ext/kernel_require.rb:55:in `require'
	from /Users/user/Desktop/Pegacorn_Project/count_good_ratings.rb:9:in `<main>'
/System/Library/Frameworks/Ruby.framework/Versions/2.0/usr/lib/ruby/2.0.0/rubygems/core_ext/kernel_require.rb:55:in `require': cannot load such file -- ./.gitignore/pegacorn_secrets (LoadError)
	from /System/Library/Frameworks/Ruby.framework/Versions/2.0/usr/lib/ruby/2.0.0/rubygems/core_ext/kernel_require.rb:55:in `require'
	from /Users/user/Desktop/Pegacorn_Project/count_good_ratings.rb:9:in `<main>'
/System/Library/Frameworks/Ruby.framework/Versions/2.0/usr/lib/ruby/2.0.0/rubygems/core_ext/kernel_require.rb:55:in `require': cannot load such file -- ./.gitignore/pegacorn_secrets (LoadError)
	from /System/Library/Frameworks/Ruby.framework/Versions/2.0/usr/lib/ruby/2.0.0/rubygems/core_ext/kernel_require.rb:55:in `require'
	from /Users/user/Desktop/Pegacorn_Project/count_good_ratings.rb:9:in `<main>'
/System/Library/Frameworks/Ruby.framework/Versions/2.0/usr/lib/ruby/2.0.0/rubygems/core_ext/kernel_require.rb:55:in `require': cannot load such file -- ./.gitignore/pegacorn_secrets (LoadError)
	from /System/Library/Frameworks/Ruby.framework/Versions/2.0/usr/lib/ruby/2.0.0/rubygems/core_ext/kernel_require.rb:55:in `require'
	from /Users/user/Desktop/Pegacorn_Project/count_good_ratings.rb:9:in `<main>'
/System/Library/Frameworks/Ruby.framework/Versions/2.0/usr/lib/ruby/2.0.0/rubygems/core_ext/kernel_require.rb:55:in `require': cannot load such file -- ./.gitignore/pegacorn_secrets (LoadError)
	from /System/Library/Frameworks/Ruby.framework/Versions/2.0/usr/lib/ruby/2.0.0/rubygems/core_ext/kernel_require.rb:55:in `require'
	from /Users/user/Desktop/Pegacorn_Project/count_good_ratings.rb:9:in `<main>'
/System/Library/Frameworks/Ruby.framework/Versions/2.0/usr/lib/ruby/2.0.0/rubygems/core_ext/kernel_require.rb:55:in `require': cannot load such file -- ./.gitignore/pegacorn_secrets (LoadError)
	from /System/Library/Frameworks/Ruby.framework/Versions/2.0/usr/lib/ruby/2.0.0/rubygems/core_ext/kernel_require.rb:55:in `require'
	from /Users/user/Desktop/Pegacorn_Project/count_good_ratings.rb:9:in `<main>'
/System/Library/Frameworks/Ruby.framework/Versions/2.0/usr/lib/ruby/2.0.0/rubygems/core_ext/kernel_require.rb:55:in `require': cannot load such file -- ./.gitignore/pegacorn_secrets (LoadError)
	from /System/Library/Frameworks/Ruby.framework/Versions/2.0/usr/lib/ruby/2.0.0/rubygems/core_ext/kernel_require.rb:55:in `require'
	from /Users/user/Desktop/Pegacorn_Project/count_good_ratings.rb:9:in `<main>'
/System/Library/Frameworks/Ruby.framework/Versions/2.0/usr/lib/ruby/2.0.0/rubygems/core_ext/kernel_require.rb:55:in `require': cannot load such file -- ./.gitignore/pegacorn_secrets (LoadError)
	from /System/Library/Frameworks/Ruby.framework/Versions/2.0/usr/lib/ruby/2.0.0/rubygems/core_ext/kernel_require.rb:55:in `require'
	from /Users/user/Desktop/Pegacorn_Project/count_good_ratings.rb:9:in `<main>'
/System/Library/Frameworks/Ruby.framework/Versions/2.0/usr/lib/ruby/2.0.0/rubygems/core_ext/kernel_require.rb:55:in `require': cannot load such file -- ./.gitignore/pegacorn_secrets (LoadError)
	from /System/Library/Frameworks/Ruby.framework/Versions/2.0/usr/lib/ruby/2.0.0/rubygems/core_ext/kernel_require.rb:55:in `require'
	from /Users/user/Desktop/Pegacorn_Project/count_good_ratings.rb:9:in `<main>'
/System/Library/Frameworks/Ruby.framework/Versions/2.0/usr/lib/ruby/2.0.0/rubygems/core_ext/kernel_require.rb:55:in `require': cannot load such file -- ./.gitignore/pegacorn_secrets (LoadError)
	from /System/Library/Frameworks/Ruby.framework/Versions/2.0/usr/lib/ruby/2.0.0/rubygems/core_ext/kernel_require.rb:55:in `require'
	from /Users/user/Desktop/Pegacorn_Project/count_good_ratings.rb:9:in `<main>'
/System/Library/Frameworks/Ruby.framework/Versions/2.0/usr/lib/ruby/2.0.0/rubygems/core_ext/kernel_require.rb:55:in `require': cannot load such file -- ./.gitignore/pegacorn_secrets (LoadError)
	from /System/Library/Frameworks/Ruby.framework/Versions/2.0/usr/lib/ruby/2.0.0/rubygems/core_ext/kernel_require.rb:55:in `require'
	from /Users/user/Desktop/Pegacorn_Project/count_good_ratings.rb:9:in `<main>'
/System/Library/Frameworks/Ruby.framework/Versions/2.0/usr/lib/ruby/2.0.0/rubygems/core_ext/kernel_require.rb:55:in `require': cannot load such file -- ./.gitignore/pegacorn_secrets (LoadError)
	from /System/Library/Frameworks/Ruby.framework/Versions/2.0/usr/lib/ruby/2.0.0/rubygems/core_ext/kernel_require.rb:55:in `require'
	from /Users/user/Desktop/Pegacorn_Project/count_good_ratings.rb:9:in `<main>'
/System/Library/Frameworks/Ruby.framework/Versions/2.0/usr/lib/ruby/2.0.0/rubygems/core_ext/kernel_require.rb:55:in `require': cannot load such file -- ./.gitignore/pegacorn_secrets (LoadError)
	from /System/Library/Frameworks/Ruby.framework/Versions/2.0/usr/lib/ruby/2.0.0/rubygems/core_ext/kernel_require.rb:55:in `require'
	from /Users/user/Desktop/Pegacorn_Project/count_good_ratings.rb:9:in `<main>'
/System/Library/Frameworks/Ruby.framework/Versions/2.0/usr/lib/ruby/2.0.0/rubygems/core_ext/kernel_require.rb:55:in `require': cannot load such file -- ./.gitignore/pegacorn_secrets (LoadError)
	from /System/Library/Frameworks/Ruby.framework/Versions/2.0/usr/lib/ruby/2.0.0/rubygems/core_ext/kernel_require.rb:55:in `require'
	from /Users/user/Desktop/Pegacorn_Project/count_good_ratings.rb:9:in `<main>'
/System/Library/Frameworks/Ruby.framework/Versions/2.0/usr/lib/ruby/2.0.0/rubygems/core_ext/kernel_require.rb:55:in `require': cannot load such file -- ./.gitignore/pegacorn_secrets (LoadError)
	from /System/Library/Frameworks/Ruby.framework/Versions/2.0/usr/lib/ruby/2.0.0/rubygems/core_ext/kernel_require.rb:55:in `require'
	from /Users/user/Desktop/Pegacorn_Project/count_good_ratings.rb:9:in `<main>'
/System/Library/Frameworks/Ruby.framework/Versions/2.0/usr/lib/ruby/2.0.0/rubygems/core_ext/kernel_require.rb:55:in `require': cannot load such file -- ./.gitignore/pegacorn_secrets (LoadError)
	from /System/Library/Frameworks/Ruby.framework/Versions/2.0/usr/lib/ruby/2.0.0/rubygems/core_ext/kernel_require.rb:55:in `require'
	from /Users/user/Desktop/Pegacorn_Project/count_good_ratings.rb:9:in `<main>'
/System/Library/Frameworks/Ruby.framework/Versions/2.0/usr/lib/ruby/2.0.0/rubygems/core_ext/kernel_require.rb:55:in `require': cannot load such file -- ./.gitignore/pegacorn_secrets (LoadError)
	from /System/Library/Frameworks/Ruby.framework/Versions/2.0/usr/lib/ruby/2.0.0/rubygems/core_ext/kernel_require.rb:55:in `require'
	from /Users/user/Desktop/Pegacorn_Project/count_good_ratings.rb:9:in `<main>'
/System/Library/Frameworks/Ruby.framework/Versions/2.0/usr/lib/ruby/2.0.0/rubygems/core_ext/kernel_require.rb:55:in `require': cannot load such file -- ./.gitignore/pegacorn_secrets (LoadError)
	from /System/Library/Frameworks/Ruby.framework/Versions/2.0/usr/lib/ruby/2.0.0/rubygems/core_ext/kernel_require.rb:55:in `require'
	from /Users/user/Desktop/Pegacorn_Project/count_good_ratings.rb:9:in `<main>'
/System/Library/Frameworks/Ruby.framework/Versions/2.0/usr/lib/ruby/2.0.0/rubygems/core_ext/kernel_require.rb:55:in `require': cannot load such file -- ./.gitignore/pegacorn_secrets (LoadError)
	from /System/Library/Frameworks/Ruby.framework/Versions/2.0/usr/lib/ruby/2.0.0/rubygems/core_ext/kernel_require.rb:55:in `require'
	from /Users/user/Desktop/Pegacorn_Project/count_good_ratings.rb:9:in `<main>'
/System/Library/Frameworks/Ruby.framework/Versions/2.0/usr/lib/ruby/2.0.0/rubygems/core_ext/kernel_require.rb:55:in `require': cannot load such file -- ./.gitignore/pegacorn_secrets (LoadError)
	from /System/Library/Frameworks/Ruby.framework/Versions/2.0/usr/lib/ruby/2.0.0/rubygems/core_ext/kernel_require.rb:55:in `require'
	from /Users/user/Desktop/Pegacorn_Project/count_good_ratings.rb:9:in `<main>'
/System/Library/Frameworks/Ruby.framework/Versions/2.0/usr/lib/ruby/2.0.0/rubygems/core_ext/kernel_require.rb:55:in `require': cannot load such file -- ./.gitignore/pegacorn_secrets (LoadError)
	from /System/Library/Frameworks/Ruby.framework/Versions/2.0/usr/lib/ruby/2.0.0/rubygems/core_ext/kernel_require.rb:55:in `require'
	from /Users/user/Desktop/Pegacorn_Project/count_good_ratings.rb:9:in `<main>'
It's currently: 2017-07-17T08:10:02-04:00
Response code: 200
Response message: OK 
34
The time has not yet come. 
It's currently: 2017-07-17T08:20:01-04:00
Response code: 200
Response message: OK 
37
The time has not yet come. 
It's currently: 2017-07-17T08:30:01-04:00
Response code: 200
Response message: OK 
40
The time has not yet come. 
It's currently: 2017-07-17T08:40:02-04:00
Response code: 200
Response message: OK 
44
The time has not yet come. 
It's currently: 2017-07-17T08:50:01-04:00
Response code: 200
Response message: OK 
45
The time has not yet come. 
It's currently: 2017-07-17T09:00:01-04:00
Response code: 200
Response message: OK 
47
The time has not yet come. 
It's currently: 2017-07-17T09:10:01-04:00
Response code: 200
Response message: OK 
54
The time has not yet come. 
It's currently: 2017-07-17T09:20:01-04:00
Response code: 200
Response message: OK 
54
The time has not yet come. 
It's currently: 2017-07-17T09:30:02-04:00
Response code: 200
Response message: OK 
58
The time has not yet come. 
It's currently: 2017-07-17T09:40:01-04:00
Response code: 200
Response message: OK 
63
The time has not yet come. 
It's currently: 2017-07-17T09:50:01-04:00
Response code: 200
Response message: OK 
67
The time has not yet come. 
It's currently: 2017-07-17T10:00:01-04:00
Response code: 200
Response message: OK 
69
The time has not yet come. 
It's currently: 2017-07-17T10:10:01-04:00
Response code: 200
Response message: OK 
78
The time has not yet come. 
It's currently: 2017-07-17T10:20:01-04:00
Response code: 200
Response message: OK 
81
The time has not yet come. 
It's currently: 2017-07-17T10:30:01-04:00
Response code: 200
Response message: OK 
85
The time has not yet come. 
It's currently: 2017-07-17T10:40:01-04:00
Response code: 200
Response message: OK 
91
The time has not yet come. 
It's currently: 2017-07-17T10:50:01-04:00
Response code: 200
Response message: OK 
91
The time has not yet come. 
It's currently: 2017-07-17T11:00:02-04:00
Response code: 200
Response message: OK 
93
The time has not yet come. 
It's currently: 2017-07-17T11:10:01-04:00
Response code: 200
Response message: OK 
102
The time has not yet come. 
It's currently: 2017-07-17T11:20:01-04:00
Response code: 200
Response message: OK 
108
The time has not yet come. 
It's currently: 2017-07-17T11:30:01-04:00
Response code: 200
Response message: OK 
114
The time has not yet come. 
It's currently: 2017-07-17T11:40:01-04:00
Response code: 200
Response message: OK 
124
The time has not yet come. 
It's currently: 2017-07-17T11:50:01-04:00
Response code: 200
Response message: OK 
126
The time has not yet come. 
It's currently: 2017-07-17T12:00:01-04:00
Response code: 200
Response message: OK 
128
The time has not yet come. 
It's currently: 2017-07-17T12:10:00-04:00
Response code: 200
Response message: OK 
132
The time has not yet come. 
It's currently: 2017-07-17T12:20:01-04:00
Response code: 200
Response message: OK 
134
The time has not yet come. 
It's currently: 2017-07-17T12:30:01-04:00
Response code: 200
Response message: OK 
135
The time has not yet come. 
It's currently: 2017-07-17T12:40:01-04:00
Response code: 200
Response message: OK 
141
The time has not yet come. 
It's currently: 2017-07-17T12:50:02-04:00
Response code: 200
Response message: OK 
143
The time has not yet come. 
It's currently: 2017-07-17T13:00:01-04:00
Response code: 200
Response message: OK 
146
The time has not yet come. 
It's currently: 2017-07-17T13:10:01-04:00
Response code: 200
Response message: OK 
150
The time has not yet come. 
It's currently: 2017-07-17T13:20:01-04:00
Response code: 200
Response message: OK 
153
The time has not yet come. 
It's currently: 2017-07-17T13:30:00-04:00
Response code: 200
Response message: OK 
154
The time has not yet come. 
It's currently: 2017-07-17T13:40:01-04:00
Response code: 200
Response message: OK 
157
The time has not yet come. 
It's currently: 2017-07-17T13:55:02-04:00
Response code: 200
Response message: OK 
159
The time has not yet come. 
It's currently: 2017-07-17T15:00:01-04:00
Response code: 200
Response message: OK 
177
The time has not yet come. 
It's currently: 2017-07-17T15:10:01-04:00
Response code: 200
Response message: OK 
180
The time has not yet come. 
It's currently: 2017-07-17T15:20:01-04:00
Response code: 200
Response message: OK 
183
The time has not yet come. 
It's currently: 2017-07-17T15:30:01-04:00
Response code: 200
Response message: OK 
185
The time has not yet come. 
It's currently: 2017-07-17T15:40:01-04:00
Response code: 200
Response message: OK 
187
The time has not yet come. 
It's currently: 2017-07-17T15:50:01-04:00
Response code: 200
Response message: OK 
191
The time has not yet come. 
It's currently: 2017-07-17T16:00:01-04:00
Response code: 200
Response message: OK 
193
The time has not yet come. 
It's currently: 2017-07-17T16:10:00-04:00
Response code: 200
Response message: OK 
199
The time has not yet come. 
It's currently: 2017-07-17T16:20:01-04:00
Response code: 200
Response message: OK 
201
The time has not yet come. 
It's currently: 2017-07-17T16:30:01-04:00
Response code: 200
Response message: OK 
202
The time has not yet come. 
It's currently: 2017-07-17T16:40:01-04:00
Response code: 200
Response message: OK 
204
The time has not yet come. 
It's currently: 2017-07-17T16:50:01-04:00
Response code: 200
Response message: OK 
206
The time has not yet come. 
It's currently: 2017-07-17T17:00:01-04:00
Response code: 200
Response message: OK 
211
The time has not yet come. 
It's currently: 2017-07-17T21:50:01-04:00
Response code: 200
Response message: OK 
254
The time has not yet come. 
